androidtv/app/build/intermediates/manifest_merge_blame_file/officialRelease/processOfficialReleaseMainManifest/manifest-merger-blame-official-release-report.txt
1<?xml version="1.0" encoding="utf-8"?>
2<manifest xmlns:android="http://schemas.android.com/apk/res/android"
3    package="com.hushtv.tv"
4    android:versionCode="399"
5    android:versionName="1.43.99" >
6
7    <uses-sdk
8        android:minSdkVersion="24"
9        android:targetSdkVersion="34" />
10
11    <uses-permission android:name="android.permission.INTERNET" />
11-->src/main/AndroidManifest.xml:4:5-67
11-->src/main/AndroidManifest.xml:4:22-64
12    <uses-permission android:name="android.permission.ACCESS_NETWORK_STATE" />
12-->src/main/AndroidManifest.xml:5:5-79
12-->src/main/AndroidManifest.xml:5:22-76
13    <uses-permission android:name="android.permission.REQUEST_INSTALL_PACKAGES" />
13-->src/main/AndroidManifest.xml:6:5-83
13-->src/main/AndroidManifest.xml:6:22-80
14    <uses-permission android:name="android.permission.FOREGROUND_SERVICE" />
14-->src/main/AndroidManifest.xml:7:5-77
14-->src/main/AndroidManifest.xml:7:22-74
15    <uses-permission android:name="android.permission.FOREGROUND_SERVICE_DATA_SYNC" />
15-->src/main/AndroidManifest.xml:8:5-87
15-->src/main/AndroidManifest.xml:8:22-84
16    <!--
17         Streaming wake locks: lets ExoPlayer.setWakeMode(WAKE_MODE_NETWORK)
18         hold a partial WakeLock + WifiLock during playback, preventing
19         Android Wi-Fi power save from throttling our IPTV streams after
20         ~1 minute of no user input (the "channel freezes 1 min in"
21         bug reported on Fire Stick).
22    -->
23    <uses-permission android:name="android.permission.WAKE_LOCK" />
23-->src/main/AndroidManifest.xml:14:5-68
23-->src/main/AndroidManifest.xml:14:22-65
24    <!-- EPG reminders: post notification (Android 13+) + schedule alarm (Android 12+) -->
25    <uses-permission android:name="android.permission.POST_NOTIFICATIONS" />
25-->src/main/AndroidManifest.xml:16:5-77
25-->src/main/AndroidManifest.xml:16:22-74
26    <uses-permission android:name="android.permission.SCHEDULE_EXACT_ALARM" />
26-->src/main/AndroidManifest.xml:17:5-79
26-->src/main/AndroidManifest.xml:17:22-76
27    <uses-permission android:name="android.permission.USE_EXACT_ALARM" />
27-->src/main/AndroidManifest.xml:18:5-74
27-->src/main/AndroidManifest.xml:18:22-71
28    <uses-permission android:name="android.permission.RECEIVE_BOOT_COMPLETED" />
28-->src/main/AndroidManifest.xml:19:5-81
28-->src/main/AndroidManifest.xml:19:22-78
29
30    <!-- TV features -->
31    <uses-feature
31-->src/main/AndroidManifest.xml:22:5-24:36
32        android:name="android.software.leanback"
32-->src/main/AndroidManifest.xml:23:9-49
33        android:required="false" />
33-->src/main/AndroidManifest.xml:24:9-33
34    <uses-feature
34-->src/main/AndroidManifest.xml:25:5-27:36
35        android:name="android.hardware.touchscreen"
35-->src/main/AndroidManifest.xml:26:9-52
36        android:required="false" />
36-->src/main/AndroidManifest.xml:27:9-33
37
38    <permission
38-->[androidx.core:core:1.13.1] AndroidManifest.xml:22:5-24:47
39        android:name="com.hushtv.tv.DYNAMIC_RECEIVER_NOT_EXPORTED_PERMISSION"
39-->[androidx.core:core:1.13.1] AndroidManifest.xml:23:9-81
40        android:protectionLevel="signature" />
40-->[androidx.core:core:1.13.1] AndroidManifest.xml:24:9-44
41
42    <uses-permission android:name="com.hushtv.tv.DYNAMIC_RECEIVER_NOT_EXPORTED_PERMISSION" />
42-->[androidx.core:core:1.13.1] AndroidManifest.xml:26:5-97
42-->[androidx.core:core:1.13.1] AndroidManifest.xml:26:22-94
43
44    <application
44-->src/main/AndroidManifest.xml:29:5-71:19
45        android:name="com.hushtv.tv.HushTVApp"
45-->src/main/AndroidManifest.xml:30:9-34
46        android:allowBackup="true"
46-->src/main/AndroidManifest.xml:31:9-35
47        android:appComponentFactory="androidx.core.app.CoreComponentFactory"
47-->[androidx.core:core:1.13.1] AndroidManifest.xml:28:18-86
48        android:banner="@drawable/tv_banner"
48-->src/main/AndroidManifest.xml:32:9-45
49        android:extractNativeLibs="false"
50        android:icon="@mipmap/ic_launcher"
50-->src/main/AndroidManifest.xml:33:9-43
51        android:label="@string/app_name"
51-->src/main/AndroidManifest.xml:34:9-41
52        android:largeHeap="true"
52-->src/main/AndroidManifest.xml:39:9-33
53        android:networkSecurityConfig="@xml/network_security_config"
53-->src/main/AndroidManifest.xml:36:9-69
54        android:roundIcon="@mipmap/ic_launcher_round"
54-->src/main/AndroidManifest.xml:35:9-54
55        android:supportsRtl="true"
55-->src/main/AndroidManifest.xml:38:9-35
56        android:theme="@style/Theme.HushTV"
56-->src/main/AndroidManifest.xml:40:9-44
57        android:usesCleartextTraffic="true" >
57-->src/main/AndroidManifest.xml:37:9-44
58        <activity
58-->src/main/AndroidManifest.xml:42:9-53:20
59            android:name="com.hushtv.tv.MainActivity"
59-->src/main/AndroidManifest.xml:43:13-41
60            android:configChanges="orientation|screenSize|keyboardHidden|screenLayout|smallestScreenSize|uiMode"
60-->src/main/AndroidManifest.xml:44:13-113
61            android:exported="true"
61-->src/main/AndroidManifest.xml:45:13-36
62            android:launchMode="singleTask"
62-->src/main/AndroidManifest.xml:46:13-44
63            android:theme="@style/Theme.HushTV.Splash" >
63-->src/main/AndroidManifest.xml:47:13-55
64            <intent-filter>
64-->src/main/AndroidManifest.xml:48:13-52:29
65                <action android:name="android.intent.action.MAIN" />
65-->src/main/AndroidManifest.xml:49:17-69
65-->src/main/AndroidManifest.xml:49:25-66
66
67                <category android:name="android.intent.category.LEANBACK_LAUNCHER" />
67-->src/main/AndroidManifest.xml:50:17-86
67-->src/main/AndroidManifest.xml:50:27-83
68                <category android:name="android.intent.category.LAUNCHER" />
68-->src/main/AndroidManifest.xml:51:17-77
68-->src/main/AndroidManifest.xml:51:27-74
69            </intent-filter>
70        </activity>
71
72        <!-- Required so the OS package installer can read the APK we download. -->
73        <provider
74            android:name="androidx.core.content.FileProvider"
74-->src/main/AndroidManifest.xml:57:13-62
75            android:authorities="com.hushtv.tv.fileprovider"
75-->src/main/AndroidManifest.xml:58:13-64
76            android:exported="false"
76-->src/main/AndroidManifest.xml:59:13-37
77            android:grantUriPermissions="true" >
77-->src/main/AndroidManifest.xml:60:13-47
78            <meta-data
78-->src/main/AndroidManifest.xml:61:13-63:54
79                android:name="android.support.FILE_PROVIDER_PATHS"
79-->src/main/AndroidManifest.xml:62:17-67
80                android:resource="@xml/file_paths" />
80-->src/main/AndroidManifest.xml:63:17-51
81        </provider>
82
83        <!--
84             Fires "Your show starts in 5 min" notifications scheduled via
85             AlarmManager + EpgReminderScheduler.
86        -->
87        <receiver
87-->src/main/AndroidManifest.xml:68:9-70:40
88            android:name="com.hushtv.tv.notifications.ReminderReceiver"
88-->src/main/AndroidManifest.xml:69:13-59
89            android:exported="false" />
89-->src/main/AndroidManifest.xml:70:13-37
90
91        <provider
91-->[androidx.emoji2:emoji2:1.3.0] AndroidManifest.xml:24:9-32:20
92            android:name="androidx.startup.InitializationProvider"
92-->[androidx.emoji2:emoji2:1.3.0] AndroidManifest.xml:25:13-67
93            android:authorities="com.hushtv.tv.androidx-startup"
93-->[androidx.emoji2:emoji2:1.3.0] AndroidManifest.xml:26:13-68
94            android:exported="false" >
94-->[androidx.emoji2:emoji2:1.3.0] AndroidManifest.xml:27:13-37
95            <meta-data
95-->[androidx.emoji2:emoji2:1.3.0] AndroidManifest.xml:29:13-31:52
96                android:name="androidx.emoji2.text.EmojiCompatInitializer"
96-->[androidx.emoji2:emoji2:1.3.0] AndroidManifest.xml:30:17-75
97                android:value="androidx.startup" />
97-->[androidx.emoji2:emoji2:1.3.0] AndroidManifest.xml:31:17-49
98            <meta-data
98-->[androidx.lifecycle:lifecycle-process:2.8.6] AndroidManifest.xml:29:13-31:52
99                android:name="androidx.lifecycle.ProcessLifecycleInitializer"
99-->[androidx.lifecycle:lifecycle-process:2.8.6] AndroidManifest.xml:30:17-78
100                android:value="androidx.startup" />
100-->[androidx.lifecycle:lifecycle-process:2.8.6] AndroidManifest.xml:31:17-49
101            <meta-data
101-->[androidx.profileinstaller:profileinstaller:1.3.1] AndroidManifest.xml:29:13-31:52
102                android:name="androidx.profileinstaller.ProfileInstallerInitializer"
102-->[androidx.profileinstaller:profileinstaller:1.3.1] AndroidManifest.xml:30:17-85
103                android:value="androidx.startup" />
103-->[androidx.profileinstaller:profileinstaller:1.3.1] AndroidManifest.xml:31:17-49
104        </provider>
105
106        <receiver
106-->[androidx.profileinstaller:profileinstaller:1.3.1] AndroidManifest.xml:34:9-52:20
107            android:name="androidx.profileinstaller.ProfileInstallReceiver"
107-->[androidx.profileinstaller:profileinstaller:1.3.1] AndroidManifest.xml:35:13-76
108            android:directBootAware="false"
108-->[androidx.profileinstaller:profileinstaller:1.3.1] AndroidManifest.xml:36:13-44
109            android:enabled="true"
109-->[androidx.profileinstaller:profileinstaller:1.3.1] AndroidManifest.xml:37:13-35
110            android:exported="true"
110-->[androidx.profileinstaller:profileinstaller:1.3.1] AndroidManifest.xml:38:13-36
111            android:permission="android.permission.DUMP" >
111-->[androidx.profileinstaller:profileinstaller:1.3.1] AndroidManifest.xml:39:13-57
112            <intent-filter>
112-->[androidx.profileinstaller:profileinstaller:1.3.1] AndroidManifest.xml:40:13-42:29
113                <action android:name="androidx.profileinstaller.action.INSTALL_PROFILE" />
113-->[androidx.profileinstaller:profileinstaller:1.3.1] AndroidManifest.xml:41:17-91
113-->[androidx.profileinstaller:profileinstaller:1.3.1] AndroidManifest.xml:41:25-88
114            </intent-filter>
115            <intent-filter>
115-->[androidx.profileinstaller:profileinstaller:1.3.1] AndroidManifest.xml:43:13-45:29
116                <action android:name="androidx.profileinstaller.action.SKIP_FILE" />
116-->[androidx.profileinstaller:profileinstaller:1.3.1] AndroidManifest.xml:44:17-85
116-->[androidx.profileinstaller:profileinstaller:1.3.1] AndroidManifest.xml:44:25-82
117            </intent-filter>
118            <intent-filter>
118-->[androidx.profileinstaller:profileinstaller:1.3.1] AndroidManifest.xml:46:13-48:29
119                <action android:name="androidx.profileinstaller.action.SAVE_PROFILE" />
119-->[androidx.profileinstaller:profileinstaller:1.3.1] AndroidManifest.xml:47:17-88
119-->[androidx.profileinstaller:profileinstaller:1.3.1] AndroidManifest.xml:47:25-85
120            </intent-filter>
121            <intent-filter>
121-->[androidx.profileinstaller:profileinstaller:1.3.1] AndroidManifest.xml:49:13-51:29
122                <action android:name="androidx.profileinstaller.action.BENCHMARK_OPERATION" />
122-->[androidx.profileinstaller:profileinstaller:1.3.1] AndroidManifest.xml:50:17-95
122-->[androidx.profileinstaller:profileinstaller:1.3.1] AndroidManifest.xml:50:25-92
123            </intent-filter>
124        </receiver>
125    </application>
126
127</manifest>